# JRE version: 7.0_21-b11
# Java VM: Java HotSpot(TM) 64-Bit Server VM (23.21-b01 mixed mode windows-amd64 compressed oops)
Heap
 PSYoungGen      total 2184512K, used 2184507K [0x0000000700000000, 0x0000000800000000, 0x0000000800000000)
  eden space 2097152K, 100% used [0x0000000700000000,0x0000000780000000,0x0000000780000000)
  from space 87360K, 99% used [0x0000000780000000,0x000000078554ec08,0x0000000785550000)
  to   space 262592K, 99% used [0x00000007eff90000,0x00000007ffffdc60,0x0000000800000000)
 ParOldGen       total 1528192K, used 1528190K [0x0000000500000000, 0x000000055d460000, 0x0000000700000000)
  object space 1528192K, 99% used [0x0000000500000000,0x000000055d45f810,0x000000055d460000)
 PSPermGen       total 21248K, used 4085K [0x00000004fae00000, 0x00000004fc2c0000, 0x0000000500000000)
  object space 21248K, 19% used [0x00000004fae00000,0x00000004fb1fd6f8,0x00000004fc2c0000)
GC Heap History (10 events):
Event: 6.664 GC heap after
Heap after GC invocations=1 (full 0):
 PSYoungGen      total 611648K, used 705K [0x0000000700000000, 0x000000074aaa0000, 0x0000000800000000)
  eden space 524288K, 0% used [0x0000000700000000,0x0000000700000000,0x0000000720000000)
  from space 87360K, 0% used [0x0000000720000000,0x00000007200b0750,0x0000000725550000)
  to   space 87360K, 0% used [0x0000000745550000,0x0000000745550000,0x000000074aaa0000)
 ParOldGen       total 1398144K, used 765966K [0x0000000500000000, 0x0000000555560000, 0x0000000700000000)
  object space 1398144K, 54% used [0x0000000500000000,0x000000052ec03810,0x0000000555560000)
 PSPermGen       total 21248K, used 3953K [0x00000004fae00000, 0x00000004fc2c0000, 0x0000000500000000)
  object space 21248K, 18% used [0x00000004fae00000,0x00000004fb1dc668,0x00000004fc2c0000)
}
Event: 6.715 GC heap before
{Heap before GC invocations=2 (full 0):
 PSYoungGen      total 611648K, used 524993K [0x0000000700000000, 0x000000074aaa0000, 0x0000000800000000)
  eden space 524288K, 100% used [0x0000000700000000,0x0000000720000000,0x0000000720000000)
  from space 87360K, 0% used [0x0000000720000000,0x00000007200b0750,0x0000000725550000)
  to   space 87360K, 0% used [0x0000000745550000,0x0000000745550000,0x000000074aaa0000)
 ParOldGen       total 1398144K, used 765966K [0x0000000500000000, 0x0000000555560000, 0x0000000700000000)
  object space 1398144K, 54% used [0x0000000500000000,0x000000052ec03810,0x0000000555560000)
 PSPermGen       total 21248K, used 3955K [0x00000004fae00000, 0x00000004fc2c0000, 0x0000000500000000)
  object space 21248K, 18% used [0x00000004fae00000,0x00000004fb1dcc98,0x00000004fc2c0000)
Event: 6.764 GC heap after
Heap after GC invocations=2 (full 0):
 PSYoungGen      total 1135936K, used 799K [0x0000000700000000, 0x000000074aaa0000, 0x0000000800000000)
  eden space 1048576K, 0% used [0x0000000700000000,0x0000000700000000,0x0000000740000000)
  from space 87360K, 0% used [0x0000000745550000,0x0000000745617c00,0x000000074aaa0000)
  to   space 87360K, 0% used [0x0000000740000000,0x0000000740000000,0x0000000745550000)
 ParOldGen       total 1398144K, used 765966K [0x0000000500000000, 0x0000000555560000, 0x0000000700000000)
  object space 1398144K, 54% used [0x0000000500000000,0x000000052ec03810,0x0000000555560000)
 PSPermGen       total 21248K, used 3955K [0x00000004fae00000, 0x00000004fc2c0000, 0x0000000500000000)
  object space 21248K, 18% used [0x00000004fae00000,0x00000004fb1dcc98,0x00000004fc2c0000)
}
Event: 6.794 GC heap before
{Heap before GC invocations=3 (full 0):
 PSYoungGen      total 1135936K, used 1049375K [0x0000000700000000, 0x000000074aaa0000, 0x0000000800000000)
  eden space 1048576K, 100% used [0x0000000700000000,0x0000000740000000,0x0000000740000000)
  from space 87360K, 0% used [0x0000000745550000,0x0000000745617c00,0x000000074aaa0000)
  to   space 87360K, 0% used [0x0000000740000000,0x0000000740000000,0x0000000745550000)
 ParOldGen       total 1398144K, used 765966K [0x0000000500000000, 0x0000000555560000, 0x0000000700000000)
  object space 1398144K, 54% used [0x0000000500000000,0x000000052ec03810,0x0000000555560000)
 PSPermGen       total 21248K, used 3955K [0x00000004fae00000, 0x00000004fc2c0000, 0x0000000500000000)
  object space 21248K, 18% used [0x00000004fae00000,0x00000004fb1dcc98,0x00000004fc2c0000)
Event: 6.833 GC heap after
Heap after GC invocations=3 (full 0):
 PSYoungGen      total 1135936K, used 704K [0x0000000700000000, 0x000000078aaa0000, 0x0000000800000000)
  eden space 1048576K, 0% used [0x0000000700000000,0x0000000700000000,0x0000000740000000)
  from space 87360K, 0% used [0x0000000740000000,0x00000007400b0000,0x0000000745550000)
  to   space 87360K, 0% used [0x0000000785550000,0x0000000785550000,0x000000078aaa0000)
 ParOldGen       total 1398144K, used 765966K [0x0000000500000000, 0x0000000555560000, 0x0000000700000000)
  object space 1398144K, 54% used [0x0000000500000000,0x000000052ec03810,0x0000000555560000)
 PSPermGen       total 21248K, used 3955K [0x00000004fae00000, 0x00000004fc2c0000, 0x0000000500000000)
  object space 21248K, 18% used [0x00000004fae00000,0x00000004fb1dcc98,0x00000004fc2c0000)
}
Event: 7.460 GC heap before
{Heap before GC invocations=4 (full 0):
 PSYoungGen      total 1135936K, used 1049280K [0x0000000700000000, 0x000000078aaa0000, 0x0000000800000000)
  eden space 1048576K, 100% used [0x0000000700000000,0x0000000740000000,0x0000000740000000)
  from space 87360K, 0% used [0x0000000740000000,0x00000007400b0000,0x0000000745550000)
  to   space 87360K, 0% used [0x0000000785550000,0x0000000785550000,0x000000078aaa0000)
 ParOldGen       total 1398144K, used 765966K [0x0000000500000000, 0x0000000555560000, 0x0000000700000000)
  object space 1398144K, 54% used [0x0000000500000000,0x000000052ec03810,0x0000000555560000)
 PSPermGen       total 21248K, used 4065K [0x00000004fae00000, 0x00000004fc2c0000, 0x0000000500000000)
  object space 21248K, 19% used [0x00000004fae00000,0x00000004fb1f8580,0x00000004fc2c0000)
Event: 7.552 GC heap after
Heap after GC invocations=4 (full 0):
 PSYoungGen      total 2184512K, used 14464K [0x0000000700000000, 0x000000078aaa0000, 0x0000000800000000)
  eden space 2097152K, 0% used [0x0000000700000000,0x0000000700000000,0x0000000780000000)
  from space 87360K, 16% used [0x0000000785550000,0x0000000786370368,0x000000078aaa0000)
  to   space 87360K, 0% used [0x0000000780000000,0x0000000780000000,0x0000000785550000)
 ParOldGen       total 1398144K, used 765966K [0x0000000500000000, 0x0000000555560000, 0x0000000700000000)
  object space 1398144K, 54% used [0x0000000500000000,0x000000052ec03810,0x0000000555560000)
 PSPermGen       total 21248K, used 4065K [0x00000004fae00000, 0x00000004fc2c0000, 0x0000000500000000)
  object space 21248K, 19% used [0x00000004fae00000,0x00000004fb1f8580,0x00000004fc2c0000)
}
Event: 8.855 GC heap before
{Heap before GC invocations=5 (full 0):
 PSYoungGen      total 2184512K, used 2111616K [0x0000000700000000, 0x000000078aaa0000, 0x0000000800000000)
  eden space 2097152K, 100% used [0x0000000700000000,0x0000000780000000,0x0000000780000000)
  from space 87360K, 16% used [0x0000000785550000,0x0000000786370368,0x000000078aaa0000)
  to   space 87360K, 0% used [0x0000000780000000,0x0000000780000000,0x0000000785550000)
 ParOldGen       total 1398144K, used 765966K [0x0000000500000000, 0x0000000555560000, 0x0000000700000000)
  object space 1398144K, 54% used [0x0000000500000000,0x000000052ec03810,0x0000000555560000)
 PSPermGen       total 21248K, used 4083K [0x00000004fae00000, 0x00000004fc2c0000, 0x0000000500000000)
  object space 21248K, 19% used [0x00000004fae00000,0x00000004fb1fcf38,0x00000004fc2c0000)
Event: 11.067 GC heap after
Heap after GC invocations=5 (full 0):
 PSYoungGen      total 2184512K, used 87355K [0x0000000700000000, 0x0000000800000000, 0x0000000800000000)
  eden space 2097152K, 0% used [0x0000000700000000,0x0000000700000000,0x0000000780000000)
  from space 87360K, 99% used [0x0000000780000000,0x000000078554ec08,0x0000000785550000)
  to   space 262592K, 0% used [0x00000007eff90000,0x00000007eff90000,0x0000000800000000)
 ParOldGen       total 1398144K, used 1053582K [0x0000000500000000, 0x0000000555560000, 0x0000000700000000)
  object space 1398144K, 75% used [0x0000000500000000,0x00000005404e3810,0x0000000555560000)
 PSPermGen       total 21248K, used 4083K [0x00000004fae00000, 0x00000004fc2c0000, 0x0000000500000000)
  object space 21248K, 19% used [0x00000004fae00000,0x00000004fb1fcf38,0x00000004fc2c0000)
}
Event: 13.843 GC heap before
{Heap before GC invocations=6 (full 0):
 PSYoungGen      total 2184512K, used 2184507K [0x0000000700000000, 0x0000000800000000, 0x0000000800000000)
  eden space 2097152K, 100% used [0x0000000700000000,0x0000000780000000,0x0000000780000000)
  from space 87360K, 99% used [0x0000000780000000,0x000000078554ec08,0x0000000785550000)
  to   space 262592K, 0% used [0x00000007eff90000,0x00000007eff90000,0x0000000800000000)
 ParOldGen       total 1398144K, used 1053582K [0x0000000500000000, 0x0000000555560000, 0x0000000700000000)
  object space 1398144K, 75% used [0x0000000500000000,0x00000005404e3810,0x0000000555560000)
 PSPermGen       total 21248K, used 4085K [0x00000004fae00000, 0x00000004fc2c0000, 0x0000000500000000)
  object space 21248K, 19% used [0x00000004fae00000,0x00000004fb1fd6f8,0x00000004fc2c0000)

